c:\users\andre\desktop\лаба ооп\oop2\x64\debug\vc142.pdb
c:\users\andre\desktop\лаба ооп\oop2\x64\debug\vc142.idb
c:\users\andre\desktop\лаба ооп\oop2\x64\debug\teacher.obj
c:\users\andre\desktop\лаба ооп\oop2\x64\debug\student.obj
c:\users\andre\desktop\лаба ооп\oop2\x64\debug\source.obj
c:\users\andre\desktop\лаба ооп\oop2\x64\debug\persona.obj
c:\users\andre\desktop\лаба ооп\oop2\x64\debug\hod.obj
c:\users\andre\desktop\лаба ооп\oop2\x64\debug\personalist.obj
c:\users\andre\desktop\лаба ооп\oop2\x64\debug\listinterface.obj
c:\users\userofthispc\desktop\лаба ооп\oop2\x64\debug\vc142.pdb
c:\users\userofthispc\desktop\лаба ооп\oop2\x64\debug\vc142.idb
c:\users\userofthispc\desktop\лаба ооп\oop2\x64\debug\teacher.obj
c:\users\userofthispc\desktop\лаба ооп\oop2\x64\debug\student.obj
c:\users\userofthispc\desktop\лаба ооп\oop2\x64\debug\source.obj
c:\users\userofthispc\desktop\лаба ооп\oop2\x64\debug\personalist.obj
c:\users\userofthispc\desktop\лаба ооп\oop2\x64\debug\listinterface.obj
c:\users\userofthispc\desktop\лаба ооп\oop2\x64\debug\hod.obj
c:\users\andre\desktop\лаба ооп\x64\debug\oop2.exe
c:\users\andre\desktop\лаба ооп\x64\debug\oop2.ilk
c:\users\andre\desktop\лаба ооп\x64\debug\oop2.pdb
d:\oop3\oop2\x64\debug\hod.obj
d:\oop3\oop2\x64\debug\listinterface.obj
d:\oop3\oop2\x64\debug\persona.obj
d:\oop3\oop2\x64\debug\personalist.obj
d:\oop3\oop2\x64\debug\source.obj
d:\oop3\oop2\x64\debug\student.obj
d:\oop3\oop2\x64\debug\teacher.obj
d:\oop3\oop2\x64\debug\vc142.idb
d:\oop3\oop2\x64\debug\vc142.pdb
d:\oop3\x64\debug\oop2.pdb
d:\oop3\x64\debug\oop2.exe
d:\oop3\x64\debug\oop2.ilk
d:\oop3\oop2\x64\debug\oop2.tlog\cl.command.1.tlog
d:\oop3\oop2\x64\debug\oop2.tlog\cl.read.1.tlog
d:\oop3\oop2\x64\debug\oop2.tlog\cl.write.1.tlog
d:\oop3\oop2\x64\debug\oop2.tlog\link.command.1.tlog
d:\oop3\oop2\x64\debug\oop2.tlog\link.read.1.tlog
d:\oop3\oop2\x64\debug\oop2.tlog\link.write.1.tlog
